<?xml version="1.0" encoding="UTF-8"?>
<testsuite name="tests.CreatContactTest" tests="1" skipped="0" failures="0" errors="0" timestamp="2018-01-31T18:46:41" hostname="LAPTOP-6RPQ1USP" time="8.538">
  <properties/>
  <testcase name="CreatContactTest" classname="tests.CreatContactTest" time="8.538"/>
  <system-out><![CDATA[]]></system-out>
  <system-err><![CDATA[]]></system-err>
</testsuite>
