<?xml version="1.0" encoding="UTF-8"?>
<testsuite name="tests.ContactModificationTests" tests="1" skipped="0" failures="0" errors="0" timestamp="2018-01-31T18:46:49" hostname="LAPTOP-6RPQ1USP" time="7.851">
  <properties/>
  <testcase name="testContactModify" classname="tests.ContactModificationTests" time="7.851"/>
  <system-out><![CDATA[]]></system-out>
  <system-err><![CDATA[]]></system-err>
</testsuite>
