<?xml version="1.0" encoding="UTF-8"?>
<testsuite name="tests.CreatGroupTest" tests="1" skipped="0" failures="0" errors="0" timestamp="2018-01-29T18:41:43" hostname="LAPTOP-6RPQ1USP" time="1.938">
  <properties/>
  <testcase name="GreatGroupTest" classname="tests.CreatGroupTest" time="1.938"/>
  <system-out><![CDATA[]]></system-out>
  <system-err><![CDATA[]]></system-err>
</testsuite>
