<?xml version="1.0" encoding="UTF-8"?>
<testsuite name="tests.GroupModificationTests" tests="1" skipped="0" failures="0" errors="0" timestamp="2018-01-29T18:41:45" hostname="LAPTOP-6RPQ1USP" time="1.881">
  <properties/>
  <testcase name="testGroupModify" classname="tests.GroupModificationTests" time="1.881"/>
  <system-out><![CDATA[]]></system-out>
  <system-err><![CDATA[]]></system-err>
</testsuite>
